Oct 20 2025 01:22:11
{"type":8192,"message":"Return type of Ai1wm_Recursive_Newline_Filter::accept() should either be compatible with FilterIterator::accept(): bool, or the #[\\ReturnTypeWillChange] attribute should be used to temporarily suppress the notice","file":"\/Users\/zalimtsorionov\/Local Sites\/triabridge\/app\/public\/wp-content\/plugins\/all-in-one-wp-migration-master\/lib\/vendor\/servmask\/filter\/class-ai1wm-recursive-newline-filter.php","line":28}

Oct 20 2025 01:22:11
{"type":8192,"message":"Return type of Ai1wm_Recursive_Newline_Filter::accept() should either be compatible with FilterIterator::accept(): bool, or the #[\\ReturnTypeWillChange] attribute should be used to temporarily suppress the notice","file":"\/Users\/zalimtsorionov\/Local Sites\/triabridge\/app\/public\/wp-content\/plugins\/all-in-one-wp-migration-master\/lib\/vendor\/servmask\/filter\/class-ai1wm-recursive-newline-filter.php","line":28}

Oct 20 2025 01:22:11
{"type":8192,"message":"Return type of Ai1wm_Recursive_Newline_Filter::accept() should either be compatible with FilterIterator::accept(): bool, or the #[\\ReturnTypeWillChange] attribute should be used to temporarily suppress the notice","file":"\/Users\/zalimtsorionov\/Local Sites\/triabridge\/app\/public\/wp-content\/plugins\/all-in-one-wp-migration-master\/lib\/vendor\/servmask\/filter\/class-ai1wm-recursive-newline-filter.php","line":28}

Oct 20 2025 01:22:11
{"type":8192,"message":"Return type of Ai1wm_Recursive_Newline_Filter::accept() should either be compatible with FilterIterator::accept(): bool, or the #[\\ReturnTypeWillChange] attribute should be used to temporarily suppress the notice","file":"\/Users\/zalimtsorionov\/Local Sites\/triabridge\/app\/public\/wp-content\/plugins\/all-in-one-wp-migration-master\/lib\/vendor\/servmask\/filter\/class-ai1wm-recursive-newline-filter.php","line":28}

Oct 20 2025 01:22:11
{"type":8192,"message":"Return type of Ai1wm_Recursive_Newline_Filter::accept() should either be compatible with FilterIterator::accept(): bool, or the #[\\ReturnTypeWillChange] attribute should be used to temporarily suppress the notice","file":"\/Users\/zalimtsorionov\/Local Sites\/triabridge\/app\/public\/wp-content\/plugins\/all-in-one-wp-migration-master\/lib\/vendor\/servmask\/filter\/class-ai1wm-recursive-newline-filter.php","line":28}

Oct 20 2025 01:22:11
{"type":8192,"message":"Return type of Ai1wm_Recursive_Newline_Filter::accept() should either be compatible with FilterIterator::accept(): bool, or the #[\\ReturnTypeWillChange] attribute should be used to temporarily suppress the notice","file":"\/Users\/zalimtsorionov\/Local Sites\/triabridge\/app\/public\/wp-content\/plugins\/all-in-one-wp-migration-master\/lib\/vendor\/servmask\/filter\/class-ai1wm-recursive-newline-filter.php","line":28}

Oct 20 2025 01:22:11
{"type":8192,"message":"Return type of Ai1wm_Recursive_Newline_Filter::accept() should either be compatible with FilterIterator::accept(): bool, or the #[\\ReturnTypeWillChange] attribute should be used to temporarily suppress the notice","file":"\/Users\/zalimtsorionov\/Local Sites\/triabridge\/app\/public\/wp-content\/plugins\/all-in-one-wp-migration-master\/lib\/vendor\/servmask\/filter\/class-ai1wm-recursive-newline-filter.php","line":28}

Oct 20 2025 01:22:11
{"type":8192,"message":"Return type of Ai1wm_Recursive_Newline_Filter::accept() should either be compatible with FilterIterator::accept(): bool, or the #[\\ReturnTypeWillChange] attribute should be used to temporarily suppress the notice","file":"\/Users\/zalimtsorionov\/Local Sites\/triabridge\/app\/public\/wp-content\/plugins\/all-in-one-wp-migration-master\/lib\/vendor\/servmask\/filter\/class-ai1wm-recursive-newline-filter.php","line":28}

Oct 20 2025 01:22:11
{"type":8192,"message":"Return type of Ai1wm_Recursive_Newline_Filter::accept() should either be compatible with FilterIterator::accept(): bool, or the #[\\ReturnTypeWillChange] attribute should be used to temporarily suppress the notice","file":"\/Users\/zalimtsorionov\/Local Sites\/triabridge\/app\/public\/wp-content\/plugins\/all-in-one-wp-migration-master\/lib\/vendor\/servmask\/filter\/class-ai1wm-recursive-newline-filter.php","line":28}

Oct 20 2025 01:22:11
{"type":8192,"message":"Return type of Ai1wm_Recursive_Newline_Filter::accept() should either be compatible with FilterIterator::accept(): bool, or the #[\\ReturnTypeWillChange] attribute should be used to temporarily suppress the notice","file":"\/Users\/zalimtsorionov\/Local Sites\/triabridge\/app\/public\/wp-content\/plugins\/all-in-one-wp-migration-master\/lib\/vendor\/servmask\/filter\/class-ai1wm-recursive-newline-filter.php","line":28}

Oct 20 2025 01:22:11
{"type":8192,"message":"Return type of Ai1wm_Recursive_Newline_Filter::accept() should either be compatible with FilterIterator::accept(): bool, or the #[\\ReturnTypeWillChange] attribute should be used to temporarily suppress the notice","file":"\/Users\/zalimtsorionov\/Local Sites\/triabridge\/app\/public\/wp-content\/plugins\/all-in-one-wp-migration-master\/lib\/vendor\/servmask\/filter\/class-ai1wm-recursive-newline-filter.php","line":28}

Oct 20 2025 01:22:16
{"type":8192,"message":"Return type of Ai1wm_Recursive_Newline_Filter::accept() should either be compatible with FilterIterator::accept(): bool, or the #[\\ReturnTypeWillChange] attribute should be used to temporarily suppress the notice","file":"\/Users\/zalimtsorionov\/Local Sites\/triabridge\/app\/public\/wp-content\/plugins\/all-in-one-wp-migration-master\/lib\/vendor\/servmask\/filter\/class-ai1wm-recursive-newline-filter.php","line":28}

Oct 20 2025 01:22:16
{"type":8192,"message":"Return type of Ai1wm_Recursive_Newline_Filter::accept() should either be compatible with FilterIterator::accept(): bool, or the #[\\ReturnTypeWillChange] attribute should be used to temporarily suppress the notice","file":"\/Users\/zalimtsorionov\/Local Sites\/triabridge\/app\/public\/wp-content\/plugins\/all-in-one-wp-migration-master\/lib\/vendor\/servmask\/filter\/class-ai1wm-recursive-newline-filter.php","line":28}

Oct 20 2025 01:22:16
{"type":8192,"message":"Return type of Ai1wm_Recursive_Newline_Filter::accept() should either be compatible with FilterIterator::accept(): bool, or the #[\\ReturnTypeWillChange] attribute should be used to temporarily suppress the notice","file":"\/Users\/zalimtsorionov\/Local Sites\/triabridge\/app\/public\/wp-content\/plugins\/all-in-one-wp-migration-master\/lib\/vendor\/servmask\/filter\/class-ai1wm-recursive-newline-filter.php","line":28}

Oct 20 2025 01:22:16
{"type":8192,"message":"Return type of Ai1wm_Recursive_Newline_Filter::accept() should either be compatible with FilterIterator::accept(): bool, or the #[\\ReturnTypeWillChange] attribute should be used to temporarily suppress the notice","file":"\/Users\/zalimtsorionov\/Local Sites\/triabridge\/app\/public\/wp-content\/plugins\/all-in-one-wp-migration-master\/lib\/vendor\/servmask\/filter\/class-ai1wm-recursive-newline-filter.php","line":28}

Oct 20 2025 01:22:16
{"Number":8192,"Message":"rtrim(): Passing null to parameter #1 ($string) of type string is deprecated","File":"\/Users\/zalimtsorionov\/Local Sites\/triabridge\/app\/public\/wp-includes\/formatting.php","Line":2829}

Oct 20 2025 01:22:16
{"Number":8192,"Message":"rtrim(): Passing null to parameter #1 ($string) of type string is deprecated","File":"\/Users\/zalimtsorionov\/Local Sites\/triabridge\/app\/public\/wp-includes\/formatting.php","Line":2829}

Oct 20 2025 01:22:16
{"Number":8192,"Message":"rtrim(): Passing null to parameter #1 ($string) of type string is deprecated","File":"\/Users\/zalimtsorionov\/Local Sites\/triabridge\/app\/public\/wp-includes\/formatting.php","Line":2829}

Oct 20 2025 01:22:16
{"Number":8192,"Message":"rtrim(): Passing null to parameter #1 ($string) of type string is deprecated","File":"\/Users\/zalimtsorionov\/Local Sites\/triabridge\/app\/public\/wp-includes\/formatting.php","Line":2829}

Oct 20 2025 01:22:16
{"Number":8192,"Message":"rtrim(): Passing null to parameter #1 ($string) of type string is deprecated","File":"\/Users\/zalimtsorionov\/Local Sites\/triabridge\/app\/public\/wp-includes\/formatting.php","Line":2829}

Oct 20 2025 01:22:16
{"Number":8192,"Message":"rtrim(): Passing null to parameter #1 ($string) of type string is deprecated","File":"\/Users\/zalimtsorionov\/Local Sites\/triabridge\/app\/public\/wp-includes\/formatting.php","Line":2829}

Oct 20 2025 01:22:16
{"Number":8192,"Message":"rtrim(): Passing null to parameter #1 ($string) of type string is deprecated","File":"\/Users\/zalimtsorionov\/Local Sites\/triabridge\/app\/public\/wp-includes\/formatting.php","Line":2829}

Oct 20 2025 01:22:16
{"Number":8192,"Message":"rtrim(): Passing null to parameter #1 ($string) of type string is deprecated","File":"\/Users\/zalimtsorionov\/Local Sites\/triabridge\/app\/public\/wp-includes\/formatting.php","Line":2829}

Oct 20 2025 01:22:16
{"Number":8192,"Message":"rtrim(): Passing null to parameter #1 ($string) of type string is deprecated","File":"\/Users\/zalimtsorionov\/Local Sites\/triabridge\/app\/public\/wp-includes\/formatting.php","Line":2829}

Oct 20 2025 01:22:16
{"Number":8192,"Message":"rtrim(): Passing null to parameter #1 ($string) of type string is deprecated","File":"\/Users\/zalimtsorionov\/Local Sites\/triabridge\/app\/public\/wp-includes\/formatting.php","Line":2829}

Oct 20 2025 01:22:16
{"Number":8192,"Message":"rtrim(): Passing null to parameter #1 ($string) of type string is deprecated","File":"\/Users\/zalimtsorionov\/Local Sites\/triabridge\/app\/public\/wp-includes\/formatting.php","Line":2829}

Oct 20 2025 01:22:16
{"Number":8192,"Message":"rtrim(): Passing null to parameter #1 ($string) of type string is deprecated","File":"\/Users\/zalimtsorionov\/Local Sites\/triabridge\/app\/public\/wp-includes\/formatting.php","Line":2829}

Oct 20 2025 01:22:16
{"Number":8192,"Message":"rtrim(): Passing null to parameter #1 ($string) of type string is deprecated","File":"\/Users\/zalimtsorionov\/Local Sites\/triabridge\/app\/public\/wp-includes\/formatting.php","Line":2829}

Oct 20 2025 01:22:16
{"Number":8192,"Message":"rtrim(): Passing null to parameter #1 ($string) of type string is deprecated","File":"\/Users\/zalimtsorionov\/Local Sites\/triabridge\/app\/public\/wp-includes\/formatting.php","Line":2829}

Oct 20 2025 01:22:16
{"Number":8192,"Message":"rtrim(): Passing null to parameter #1 ($string) of type string is deprecated","File":"\/Users\/zalimtsorionov\/Local Sites\/triabridge\/app\/public\/wp-includes\/formatting.php","Line":2829}

Oct 20 2025 01:22:16
{"Number":8192,"Message":"rtrim(): Passing null to parameter #1 ($string) of type string is deprecated","File":"\/Users\/zalimtsorionov\/Local Sites\/triabridge\/app\/public\/wp-includes\/formatting.php","Line":2829}

Oct 20 2025 01:22:16
{"Number":8192,"Message":"rtrim(): Passing null to parameter #1 ($string) of type string is deprecated","File":"\/Users\/zalimtsorionov\/Local Sites\/triabridge\/app\/public\/wp-includes\/formatting.php","Line":2829}

Oct 20 2025 01:22:16
{"Number":8192,"Message":"rtrim(): Passing null to parameter #1 ($string) of type string is deprecated","File":"\/Users\/zalimtsorionov\/Local Sites\/triabridge\/app\/public\/wp-includes\/formatting.php","Line":2829}

Oct 20 2025 01:22:16
{"Number":8192,"Message":"rtrim(): Passing null to parameter #1 ($string) of type string is deprecated","File":"\/Users\/zalimtsorionov\/Local Sites\/triabridge\/app\/public\/wp-includes\/formatting.php","Line":2829}

Oct 20 2025 01:22:16
{"Number":8192,"Message":"rtrim(): Passing null to parameter #1 ($string) of type string is deprecated","File":"\/Users\/zalimtsorionov\/Local Sites\/triabridge\/app\/public\/wp-includes\/formatting.php","Line":2829}

Oct 20 2025 01:22:16
{"Number":8192,"Message":"rtrim(): Passing null to parameter #1 ($string) of type string is deprecated","File":"\/Users\/zalimtsorionov\/Local Sites\/triabridge\/app\/public\/wp-includes\/formatting.php","Line":2829}

Oct 20 2025 01:22:16
{"Number":8192,"Message":"rtrim(): Passing null to parameter #1 ($string) of type string is deprecated","File":"\/Users\/zalimtsorionov\/Local Sites\/triabridge\/app\/public\/wp-includes\/formatting.php","Line":2829}

Oct 20 2025 01:22:16
{"Number":8192,"Message":"rtrim(): Passing null to parameter #1 ($string) of type string is deprecated","File":"\/Users\/zalimtsorionov\/Local Sites\/triabridge\/app\/public\/wp-includes\/formatting.php","Line":2829}

Oct 20 2025 01:22:16
{"Number":8192,"Message":"rtrim(): Passing null to parameter #1 ($string) of type string is deprecated","File":"\/Users\/zalimtsorionov\/Local Sites\/triabridge\/app\/public\/wp-includes\/formatting.php","Line":2829}

Oct 20 2025 01:22:16
{"Number":8192,"Message":"Creation of dynamic property Ai1wm_Database_Mysqli::$old_replace_raw_values is deprecated","File":"\/Users\/zalimtsorionov\/Local Sites\/triabridge\/app\/public\/wp-content\/plugins\/all-in-one-wp-migration-master\/lib\/vendor\/servmask\/database\/class-ai1wm-database.php","Line":300}

Oct 20 2025 01:22:16
{"Number":8192,"Message":"Creation of dynamic property Ai1wm_Database_Mysqli::$new_replace_raw_values is deprecated","File":"\/Users\/zalimtsorionov\/Local Sites\/triabridge\/app\/public\/wp-content\/plugins\/all-in-one-wp-migration-master\/lib\/vendor\/servmask\/database\/class-ai1wm-database.php","Line":321}

Oct 20 2025 01:22:16
{"type":8192,"message":"Return type of Ai1wm_Recursive_Newline_Filter::accept() should either be compatible with FilterIterator::accept(): bool, or the #[\\ReturnTypeWillChange] attribute should be used to temporarily suppress the notice","file":"\/Users\/zalimtsorionov\/Local Sites\/triabridge\/app\/public\/wp-content\/plugins\/all-in-one-wp-migration-master\/lib\/vendor\/servmask\/filter\/class-ai1wm-recursive-newline-filter.php","line":28}

Oct 20 2025 01:22:16
{"type":8192,"message":"Return type of Ai1wm_Recursive_Newline_Filter::accept() should either be compatible with FilterIterator::accept(): bool, or the #[\\ReturnTypeWillChange] attribute should be used to temporarily suppress the notice","file":"\/Users\/zalimtsorionov\/Local Sites\/triabridge\/app\/public\/wp-content\/plugins\/all-in-one-wp-migration-master\/lib\/vendor\/servmask\/filter\/class-ai1wm-recursive-newline-filter.php","line":28}

Oct 20 2025 01:22:16
{"type":8192,"message":"Return type of Ai1wm_Recursive_Newline_Filter::accept() should either be compatible with FilterIterator::accept(): bool, or the #[\\ReturnTypeWillChange] attribute should be used to temporarily suppress the notice","file":"\/Users\/zalimtsorionov\/Local Sites\/triabridge\/app\/public\/wp-content\/plugins\/all-in-one-wp-migration-master\/lib\/vendor\/servmask\/filter\/class-ai1wm-recursive-newline-filter.php","line":28}

Oct 20 2025 22:50:19
{"Number":8192,"Message":"explode(): Passing null to parameter #2 ($string) of type string is deprecated","File":"\/Users\/zalimtsorionov\/Local Sites\/triabridge\/app\/public\/wp-content\/plugins\/all-in-one-wp-migration-master\/functions.php","Line":338}

Oct 20 2025 22:50:19
{"type":8192,"message":"Return type of Ai1wm_Recursive_Newline_Filter::accept() should either be compatible with FilterIterator::accept(): bool, or the #[\\ReturnTypeWillChange] attribute should be used to temporarily suppress the notice","file":"\/Users\/zalimtsorionov\/Local Sites\/triabridge\/app\/public\/wp-content\/plugins\/all-in-one-wp-migration-master\/lib\/vendor\/servmask\/filter\/class-ai1wm-recursive-newline-filter.php","line":28}

Oct 20 2025 22:50:19
{"type":8192,"message":"Return type of Ai1wm_Recursive_Newline_Filter::accept() should either be compatible with FilterIterator::accept(): bool, or the #[\\ReturnTypeWillChange] attribute should be used to temporarily suppress the notice","file":"\/Users\/zalimtsorionov\/Local Sites\/triabridge\/app\/public\/wp-content\/plugins\/all-in-one-wp-migration-master\/lib\/vendor\/servmask\/filter\/class-ai1wm-recursive-newline-filter.php","line":28}

Oct 20 2025 22:50:19
{"type":8192,"message":"Return type of Ai1wm_Recursive_Newline_Filter::accept() should either be compatible with FilterIterator::accept(): bool, or the #[\\ReturnTypeWillChange] attribute should be used to temporarily suppress the notice","file":"\/Users\/zalimtsorionov\/Local Sites\/triabridge\/app\/public\/wp-content\/plugins\/all-in-one-wp-migration-master\/lib\/vendor\/servmask\/filter\/class-ai1wm-recursive-newline-filter.php","line":28}

Oct 20 2025 22:50:19
{"type":8192,"message":"Return type of Ai1wm_Recursive_Newline_Filter::accept() should either be compatible with FilterIterator::accept(): bool, or the #[\\ReturnTypeWillChange] attribute should be used to temporarily suppress the notice","file":"\/Users\/zalimtsorionov\/Local Sites\/triabridge\/app\/public\/wp-content\/plugins\/all-in-one-wp-migration-master\/lib\/vendor\/servmask\/filter\/class-ai1wm-recursive-newline-filter.php","line":28}

Oct 20 2025 22:50:19
{"type":8192,"message":"Return type of Ai1wm_Recursive_Newline_Filter::accept() should either be compatible with FilterIterator::accept(): bool, or the #[\\ReturnTypeWillChange] attribute should be used to temporarily suppress the notice","file":"\/Users\/zalimtsorionov\/Local Sites\/triabridge\/app\/public\/wp-content\/plugins\/all-in-one-wp-migration-master\/lib\/vendor\/servmask\/filter\/class-ai1wm-recursive-newline-filter.php","line":28}

Oct 20 2025 22:50:19
{"type":8192,"message":"Return type of Ai1wm_Recursive_Newline_Filter::accept() should either be compatible with FilterIterator::accept(): bool, or the #[\\ReturnTypeWillChange] attribute should be used to temporarily suppress the notice","file":"\/Users\/zalimtsorionov\/Local Sites\/triabridge\/app\/public\/wp-content\/plugins\/all-in-one-wp-migration-master\/lib\/vendor\/servmask\/filter\/class-ai1wm-recursive-newline-filter.php","line":28}

Oct 20 2025 22:50:19
{"type":8192,"message":"Return type of Ai1wm_Recursive_Newline_Filter::accept() should either be compatible with FilterIterator::accept(): bool, or the #[\\ReturnTypeWillChange] attribute should be used to temporarily suppress the notice","file":"\/Users\/zalimtsorionov\/Local Sites\/triabridge\/app\/public\/wp-content\/plugins\/all-in-one-wp-migration-master\/lib\/vendor\/servmask\/filter\/class-ai1wm-recursive-newline-filter.php","line":28}

Oct 20 2025 22:50:19
{"type":8192,"message":"Return type of Ai1wm_Recursive_Newline_Filter::accept() should either be compatible with FilterIterator::accept(): bool, or the #[\\ReturnTypeWillChange] attribute should be used to temporarily suppress the notice","file":"\/Users\/zalimtsorionov\/Local Sites\/triabridge\/app\/public\/wp-content\/plugins\/all-in-one-wp-migration-master\/lib\/vendor\/servmask\/filter\/class-ai1wm-recursive-newline-filter.php","line":28}

Oct 20 2025 22:50:19
{"type":8192,"message":"Return type of Ai1wm_Recursive_Newline_Filter::accept() should either be compatible with FilterIterator::accept(): bool, or the #[\\ReturnTypeWillChange] attribute should be used to temporarily suppress the notice","file":"\/Users\/zalimtsorionov\/Local Sites\/triabridge\/app\/public\/wp-content\/plugins\/all-in-one-wp-migration-master\/lib\/vendor\/servmask\/filter\/class-ai1wm-recursive-newline-filter.php","line":28}

Oct 20 2025 22:50:19
{"type":8192,"message":"Return type of Ai1wm_Recursive_Newline_Filter::accept() should either be compatible with FilterIterator::accept(): bool, or the #[\\ReturnTypeWillChange] attribute should be used to temporarily suppress the notice","file":"\/Users\/zalimtsorionov\/Local Sites\/triabridge\/app\/public\/wp-content\/plugins\/all-in-one-wp-migration-master\/lib\/vendor\/servmask\/filter\/class-ai1wm-recursive-newline-filter.php","line":28}

